[Mon Oct 30 14:45:57 2017]  Info   Figure input succeed
[Mon Oct 30 14:46:24 2017]  Info   Figure input succeed
[Mon Oct 30 14:46:56 2017]  Info   Figure input succeed
[Mon Oct 30 14:47:13 2017]  Info   Figure input succeed
[Mon Oct 30 14:48:13 2017]  Info   Figure input succeed
[Mon Oct 30 14:48:25 2017]  Info   Figure input succeed
[Mon Oct 30 14:48:56 2017]  Info   Figure output succeed
[Mon Oct 30 14:49:52 2017]  Info   Figure input succeed
[Mon Oct 30 14:50:35 2017]  Info   Figure input succeed
[Mon Oct 30 14:50:47 2017]  Info   Figure input succeed
[Mon Oct 30 14:52:26 2017]  Info   Figure input succeed
[Mon Oct 30 14:53:04 2017]  Info   Figure input succeed
[Mon Oct 30 14:53:59 2017]  Info   Figure input succeed
[Mon Oct 30 14:55:34 2017]  Info   Figure input succeed
[Mon Oct 30 14:56:02 2017]  Info   Figure input succeed
[Mon Oct 30 14:56:14 2017]  Info   Figure input succeed
[Mon Oct 30 14:56:51 2017]  Info   Figure output succeed
[Fri Nov  3 20:56:07 2017]  Info   Figure input succeed
[Fri Nov  3 20:56:33 2017]  Info   Figure input succeed
[Fri Nov  3 20:56:57 2017]  Info   Figure input succeed
[Fri Nov  3 20:57:14 2017]  Info   Figure input succeed
[Fri Nov  3 21:00:20 2017]  Info   Figure input succeed
[Fri Nov  3 21:02:58 2017]  Info   Figure input succeed
[Fri Nov  3 21:03:20 2017]  Info   Figure output succeed
[Fri Nov  3 21:03:36 2017]  Info   Figure input succeed
[Fri Nov  3 21:03:57 2017]  Info   Figure input succeed
[Fri Nov  3 21:04:20 2017]  Info   Figure input succeed
[Fri Nov  3 21:06:05 2017]  Info   Figure output succeed
[Sat Nov  4 22:28:48 2017]  Info   Figure input succeed
[Sat Nov  4 22:29:38 2017]  Info   Figure output succeed
[Sun Nov  5 17:37:59 2017]  Info   Figure input succeed
[Sun Nov  5 17:38:22 2017]  Info   Figure output succeed
[Sun Nov  5 17:38:35 2017]  Info   Figure output succeed
[Sun Nov  5 17:40:00 2017]  Info   Figure output succeed
[Sun Nov  5 18:47:57 2017]  Info   Figure output succeed
[Mon Nov  6 08:05:33 2017]  Info   Figure input succeed
[Mon Nov  6 08:05:55 2017]  Info   Figure output succeed
[Mon Nov  6 08:06:06 2017]  Info   Figure output succeed
[Mon Nov  6 14:56:50 2017]  Info   Figure input succeed
[Mon Nov  6 14:58:51 2017]  Info   Figure output succeed
[Mon Nov  6 14:58:58 2017]  Info   Figure input succeed
[Mon Nov  6 14:59:39 2017]  Info   Figure output succeed
[Mon Nov  6 15:00:43 2017]  Info   Figure input succeed
[Mon Nov  6 15:00:47 2017]  Info   Figure input succeed
[Mon Nov  6 15:01:22 2017]  Info   Figure output succeed
[Mon Nov  6 15:02:42 2017]  Info   Figure input succeed
[Mon Nov  6 15:15:37 2017]  Info   Figure output succeed
[Tue Nov  7 09:48:49 2017]  Info   Figure input succeed
[Tue Nov  7 09:51:00 2017]  Info   Figure output succeed
[Tue Nov  7 11:15:37 2017]  Info   Figure input succeed
[Tue Nov  7 11:17:06 2017]  Info   Figure output succeed
[Tue Nov  7 11:17:10 2017]  Info   Figure input succeed
[Tue Nov  7 11:17:18 2017]  Info   Figure input succeed
[Tue Nov  7 11:19:42 2017]  Info   Figure output succeed
[Tue Nov  7 14:04:15 2017]  Info   Figure input succeed
[Tue Nov  7 14:28:47 2017]  Info   Figure input succeed
[Tue Nov  7 14:36:41 2017]  Info   Figure output succeed
[Tue Nov  7 14:42:30 2017]  Info   Figure input succeed
[Tue Nov  7 14:42:33 2017]  Info   Figure input succeed
[Tue Nov  7 14:42:54 2017]  Info   Figure output succeed
[Tue Nov  7 14:43:28 2017]  Info   Figure output succeed
[Tue Nov  7 14:43:59 2017]  Info   Figure output succeed
[Tue Nov  7 14:44:24 2017]  Info   Figure output succeed
[Tue Nov  7 14:46:40 2017]  Info   Figure input succeed
[Tue Nov  7 18:23:09 2017]  Info   Figure input succeed
[Tue Nov  7 18:23:23 2017]  Info   Figure input succeed
[Tue Nov  7 18:23:27 2017]  Info   Figure input succeed
[Tue Nov  7 18:23:45 2017]  Info   Figure input succeed
[Tue Nov  7 18:24:05 2017]  Info   Figure input succeed
[Tue Nov  7 18:24:08 2017]  Info   SaveArr201711071824build succeed
[Tue Nov  7 18:24:26 2017]  Info   Figure input succeed
[Tue Nov  7 18:24:29 2017]  Info   SaveArr201711071824build succeed
[Tue Nov  7 18:24:30 2017]  Info   SaveArr201711071824build succeed
[Tue Nov  7 18:24:44 2017]  Info   Figure output succeed
[Tue Nov  7 18:25:42 2017]  Info   Figure input succeed
[Tue Nov  7 18:25:51 2017]  Info   SaveArr201711071825build succeed
[Tue Nov  7 18:26:00 2017]  Info   SaveArr201711071826build succeed
[Tue Nov  7 18:26:14 2017]  Info   Figure output succeed
[Tue Nov  7 18:27:17 2017]  Info   Figure input succeed
[Tue Nov  7 18:27:25 2017]  Info   SaveArr201711071827build succeed
[Tue Nov  7 18:27:33 2017]  Info   SaveArr201711071827build succeed
[Tue Nov  7 18:29:15 2017]  Info   Figure input succeed
[Tue Nov  7 18:29:23 2017]  Info   SaveArr201711071829build succeed
[Tue Nov  7 18:29:31 2017]  Info   SaveArr201711071829build succeed
[Tue Nov  7 18:29:57 2017]  Info   Figure output succeed
[Tue Nov  7 18:30:02 2017]  Info   Figure input succeed
[Tue Nov  7 18:30:13 2017]  Info   SaveArr201711071830build succeed
[Tue Nov  7 18:30:22 2017]  Info   SaveArr201711071830build succeed
[Tue Nov  7 18:38:33 2017]  Info   Figure output succeed
[Tue Nov  7 18:38:48 2017]  Info   Figure input succeed
[Tue Nov  7 18:39:40 2017]  Info   Figure input succeed
[Tue Nov  7 18:40:21 2017]  Info   SaveArr201711071840build succeed
[Tue Nov  7 18:40:46 2017]  Info   Figure output succeed
[Tue Nov  7 18:41:01 2017]  Info   SaveArr201711071841build succeed
[Tue Nov  7 18:41:04 2017]  Info   Figure output succeed
[Wed Nov  8 17:28:32 2017]  Info   Figure input succeed
[Wed Nov  8 17:28:37 2017]  Info   Figure input succeed
[Wed Nov  8 17:34:27 2017]  Info   Figure output succeed
[Wed Nov  8 22:03:32 2017]  Info   Figure input succeed
[Wed Nov  8 22:04:05 2017]  Info   Figure input succeed
[Wed Nov  8 22:05:14 2017]  Info   Figure input succeed
[Wed Nov  8 22:05:44 2017]  Info   Figure input succeed
[Wed Nov  8 22:07:51 2017]  Info   Figure input succeed
[Wed Nov  8 22:08:26 2017]  Info   Figure input succeed
[Wed Nov  8 22:09:03 2017]  Info   Figure output succeed
[Wed Nov  8 22:09:08 2017]  Info   Figure input succeed
[Wed Nov  8 22:09:32 2017]  Info   Figure output succeed
[Wed Nov  8 22:11:03 2017]  Info   Figure input succeed
[Wed Nov  8 22:12:23 2017]  Info   Figure input succeed
[Wed Nov  8 22:14:14 2017]  Info   Figure output succeed
[Wed Nov  8 22:15:21 2017]  Info   Figure input succeed
[Wed Nov  8 22:15:44 2017]  Info   Figure output succeed
[Wed Nov  8 22:26:15 2017]  Info   Figure input succeed
[Thu Nov  9 08:25:30 2017]  Info   Figure input succeed
[Thu Nov  9 08:25:50 2017]  Info   SaveArr201711090825build succeed
[Thu Nov  9 08:25:53 2017]  Info   Figure output succeed
[Thu Nov  9 08:27:44 2017]  Info   Figure input succeed
[Thu Nov  9 08:30:10 2017]  Info   Figure input succeed
[Thu Nov  9 08:31:34 2017]  Info   Figure input succeed
[Thu Nov  9 08:31:55 2017]  Info   Figure input succeed
[Thu Nov  9 08:33:05 2017]  Info   Figure input succeed
[Thu Nov  9 10:03:42 2017]  Info   Figure input succeed
[Thu Nov  9 10:04:09 2017]  Info   Figure input succeed
[Thu Nov  9 10:05:02 2017]  Info   Figure input succeed
[Thu Nov  9 10:05:07 2017]  Info   Figure input succeed
[Thu Nov  9 10:05:18 2017]  Info   Figure input succeed
[Thu Nov  9 10:05:51 2017]  Info   Figure input succeed
[Thu Nov  9 10:06:16 2017]  Info   Figure input succeed
[Thu Nov  9 10:07:10 2017]  Info   Figure input succeed
[Thu Nov  9 10:07:43 2017]  Info   SaveArr201711091007build succeed
[Thu Nov  9 10:07:45 2017]  Info   Figure output succeed
[Thu Nov  9 10:09:02 2017]  Info   Figure input succeed
[Thu Nov  9 10:09:32 2017]  Info   Figure input succeed
[Thu Nov  9 10:09:50 2017]  Info   SaveArr201711091009build succeed
[Thu Nov  9 10:09:53 2017]  Info   Figure output succeed
[Thu Nov  9 10:10:18 2017]  Info   Figure input succeed
[Thu Nov  9 10:10:37 2017]  Info   SaveArr201711091010build succeed
[Thu Nov  9 10:10:39 2017]  Info   Figure output succeed
[Thu Nov  9 10:14:00 2017]  Info   Figure input succeed
[Thu Nov  9 10:14:31 2017]  Info   Figure input succeed
[Thu Nov  9 10:14:41 2017]  Info   SaveArr201711091014build succeed
[Thu Nov  9 10:15:01 2017]  Info   Figure output succeed
[Thu Nov  9 10:34:53 2017]  Info   Figure input succeed
[Thu Nov  9 10:35:03 2017]  Info   Figure output succeed
[Thu Nov  9 10:35:46 2017]  Info   SaveArr201711091035build succeed
[Thu Nov  9 10:35:51 2017]  Info   Figure output succeed
[Thu Nov  9 11:01:47 2017]  Info   Figure input succeed
[Thu Nov  9 11:02:41 2017]  Info   Figure output succeed
[Thu Nov  9 11:03:59 2017]  Info   Figure input succeed
[Thu Nov  9 11:04:55 2017]  Info   Figure output succeed
[Fri Nov 10 19:10:18 2017]  Info   Figure input succeed
[Fri Nov 10 19:11:05 2017]  Info   Figure output succeed
[Fri Nov 10 21:30:39 2017]  Info   Figure input succeed
[Fri Nov 10 21:32:14 2017]  Info   SaveArr201711102132build succeed
[Fri Nov 10 21:32:32 2017]  Info   Figure output succeed
[Sun Nov 12 17:03:49 2017]  Info   Figure input succeed
[Sun Nov 12 17:04:15 2017]  Info   SaveArr201711121704build succeed
[Sun Nov 12 17:04:33 2017]  Info   Figure output succeed
[Sun Nov 12 17:08:04 2017]  Info   Figure input succeed
[Sun Nov 12 17:14:14 2017]  Info   Figure input succeed
[Sun Nov 12 17:15:30 2017]  Info   Figure output succeed
[Sun Nov 12 17:17:39 2017]  Info   Figure input succeed
[Sun Nov 12 17:17:43 2017]  Info   SaveArr201711121717build succeed
[Sun Nov 12 17:18:01 2017]  Info   Figure output succeed
[Sun Nov 12 17:18:05 2017]  Info   Figure input succeed
[Sun Nov 12 17:18:13 2017]  Info   SaveArr201711121718build succeed
[Sun Nov 12 17:19:11 2017]  Info   Figure output succeed
[Sun Nov 12 17:22:03 2017]  Info   Figure input succeed
[Tue Nov 14 09:50:02 2017]  Info   Figure input succeed
[Tue Nov 14 09:50:09 2017]  Info   SaveArr201711140950build succeed
[Tue Nov 14 09:52:36 2017]  Info   Figure output succeed
[Tue Nov 14 10:30:59 2017]  Info   Figure input succeed
[Tue Nov 14 10:31:02 2017]  Info   Figure input succeed
[Tue Nov 14 10:31:39 2017]  Info   Figure input succeed
[Tue Nov 14 10:31:55 2017]  Info   Figure input succeed
[Tue Nov 14 10:32:22 2017]  Info   Figure input succeed
[Tue Nov 14 10:32:51 2017]  Info   Figure input succeed
[Tue Nov 14 10:35:00 2017]  Info   Figure input succeed
[Tue Nov 14 10:37:02 2017]  Info   Figure input succeed
[Tue Nov 14 10:37:19 2017]  Info   Figure input succeed
[Tue Nov 14 10:37:49 2017]  Info   Figure input succeed
[Tue Nov 14 10:39:42 2017]  Info   Figure input succeed
[Tue Nov 14 10:52:29 2017]  Info   Figure input succeed
[Tue Nov 14 10:55:35 2017]  Info   Figure output succeed
[Tue Nov 14 10:55:58 2017]  Info   Figure input succeed
[Tue Nov 14 10:56:07 2017]  Info   Figure output succeed
[Tue Nov 14 10:59:38 2017]  Info   Figure input succeed
[Tue Nov 14 11:00:34 2017]  Info   Figure input succeed
[Tue Nov 14 11:01:15 2017]  Info   Figure input succeed
[Tue Nov 14 11:02:03 2017]  Info   Figure input succeed
[Tue Nov 14 11:02:06 2017]  Info   SaveArr201711141102build succeed
[Tue Nov 14 11:07:28 2017]  Info   Figure input succeed
[Tue Nov 14 11:07:37 2017]  Info   Figure output succeed
[Tue Nov 14 11:12:53 2017]  Info   Figure input succeed
[Tue Nov 14 11:13:02 2017]  Info   Figure output succeed
[Tue Nov 14 11:13:14 2017]  Info   SaveArr201711141113build succeed
[Tue Nov 14 11:13:15 2017]  Info   SaveArr201711141113build succeed
[Tue Nov 14 11:13:16 2017]  Info   SaveArr201711141113build succeed
[Tue Nov 14 11:13:44 2017]  Info   Figure input succeed
[Tue Nov 14 11:13:45 2017]  Info   SaveArr201711141113build succeed
[Tue Nov 14 11:13:46 2017]  Info   SaveArr201711141113build succeed
[Tue Nov 14 11:13:48 2017]  Info   SaveArr201711141113build succeed
[Tue Nov 14 11:14:40 2017]  Info   Figure input succeed
[Tue Nov 14 11:14:42 2017]  Info   SaveArr201711141114build succeed
[Tue Nov 14 11:14:53 2017]  Info   SaveArr201711141114build succeed
[Tue Nov 14 11:14:54 2017]  Info   SaveArr201711141114build succeed
[Tue Nov 14 11:16:49 2017]  Info   Figure input succeed
[Tue Nov 14 11:16:55 2017]  Info   Figure output succeed
[Tue Nov 14 11:17:03 2017]  Info   Figure input succeed
[Tue Nov 14 11:18:16 2017]  Info   Figure output succeed
[Tue Nov 14 11:18:26 2017]  Info   Figure input succeed
[Tue Nov 14 11:19:47 2017]  Info   Figure output succeed
[Tue Nov 14 11:19:59 2017]  Info   Figure input succeed
[Tue Nov 14 11:20:55 2017]  Info   Figure output succeed
[Tue Nov 14 19:25:26 2017]  Info   Figure input succeed
[Tue Nov 14 19:25:36 2017]  Info   Figure output succeed
[Wed Nov 15 23:56:00 2017]  Info   Figure input succeed
[Wed Nov 15 23:56:08 2017]  Info   Figure output succeed
[Wed Nov 15 23:56:41 2017]  Info   Figure input succeed
[Wed Nov 15 23:57:45 2017]  Info   Figure input succeed
[Wed Nov 15 23:57:55 2017]  Info   Figure output succeed
[Wed Nov 15 23:58:23 2017]  Info   Figure input succeed
[Wed Nov 15 23:58:31 2017]  Info   Figure output succeed
[Thu Nov 16 00:04:27 2017]  Info   Figure input succeed
[Thu Nov 16 00:05:51 2017]  Info   Figure input succeed
[Thu Nov 16 00:06:02 2017]  Info   Figure output succeed
[Thu Nov 16 00:06:09 2017]  Info   Figure output succeed
[Thu Nov 16 00:06:20 2017]  Info   Figure output succeed
[Thu Nov 16 00:06:23 2017]  Info   Figure output succeed
[Thu Nov 16 00:06:35 2017]  Info   Figure output succeed
[Thu Nov 16 00:07:13 2017]  Info   Figure input succeed
[Thu Nov 16 00:07:21 2017]  Info   Figure output succeed
[Thu Nov 16 00:07:43 2017]  Info   Figure input succeed
[Thu Nov 16 00:07:49 2017]  Info   Figure output succeed
[Thu Nov 16 00:08:31 2017]  Info   Figure input succeed
[Thu Nov 16 00:08:41 2017]  Info   Figure output succeed
[Thu Nov 16 00:09:11 2017]  Info   Figure input succeed
[Thu Nov 16 00:09:23 2017]  Info   Figure output succeed
[Thu Nov 16 00:09:33 2017]  Info   Figure input succeed
[Thu Nov 16 00:09:57 2017]  Info   Figure output succeed
[Thu Nov 16 00:10:17 2017]  Info   Figure input succeed
[Thu Nov 16 00:10:56 2017]  Info   Figure output succeed
[Thu Nov 16 00:11:12 2017]  Info   Figure input succeed
[Thu Nov 16 00:11:34 2017]  Info   Figure output succeed
[Fri Nov 17 11:18:44 2017]  Info   Figure input succeed
[Tue Nov 21 11:08:11 2017]  Info   Figure input succeed
[Tue Nov 21 11:08:31 2017]  Info   Figure input succeed
[Tue Nov 21 11:09:26 2017]  Info   Figure input succeed
[Tue Nov 21 11:11:46 2017]  Info   Figure output succeed
[Tue Nov 21 11:11:51 2017]  Info   Figure input succeed
[Tue Nov 21 11:12:38 2017]  Info   Figure output succeed
[Tue Nov 21 11:13:50 2017]  Info   Figure input succeed
[Tue Nov 21 11:15:42 2017]  Info   Figure output succeed
[Tue Nov 21 11:15:54 2017]  Info   Figure input succeed
[Tue Nov 21 11:16:18 2017]  Info   Figure output succeed
[Tue Nov 21 11:16:23 2017]  Info   Figure input succeed
[Tue Nov 21 11:16:43 2017]  Info   Figure output succeed
[Tue Nov 21 11:17:32 2017]  Info   Figure input succeed
[Tue Nov 21 11:17:40 2017]  Info   Figure output succeed
[Tue Nov 21 11:17:47 2017]  Info   Figure input succeed
[Tue Nov 21 11:18:16 2017]  Info   Figure output succeed
[Tue Nov 21 11:19:08 2017]  Info   Figure input succeed
[Tue Nov 21 11:20:19 2017]  Info   Figure output succeed
[Tue Nov 21 11:21:35 2017]  Info   Figure input succeed
[Tue Nov 21 11:22:08 2017]  Info   Figure output succeed
[Tue Nov 21 11:22:32 2017]  Info   Figure input succeed
[Tue Nov 21 11:22:40 2017]  Info   Figure input succeed
[Tue Nov 21 11:22:43 2017]  Info   Figure input succeed
[Tue Nov 21 11:23:02 2017]  Info   Figure output succeed
[Tue Nov 21 11:23:54 2017]  Info   Figure input succeed
[Tue Nov 21 11:24:16 2017]  Info   Figure output succeed
[Tue Nov 21 11:24:24 2017]  Info   Figure input succeed
[Tue Nov 21 11:24:47 2017]  Info   Figure output succeed
[Tue Nov 21 11:24:56 2017]  Info   Figure input succeed
[Tue Nov 21 11:25:26 2017]  Info   Figure output succeed
[Thu Nov 23 19:20:41 2017]  Info   Figure input succeed
[Thu Nov 23 19:21:37 2017]  Info   Figure output succeed
[Thu Nov 23 19:22:05 2017]  Info   Figure input succeed
[Thu Nov 23 19:22:17 2017]  Info   Figure input succeed
[Thu Nov 23 19:22:38 2017]  Info   Figure output succeed
[Thu Nov 23 19:23:02 2017]  Info   Figure output succeed
[Thu Nov 23 19:23:18 2017]  Info   Figure input succeed
[Thu Nov 23 19:23:52 2017]  Info   Figure input succeed
[Thu Nov 23 19:24:12 2017]  Info   Figure output succeed
[Thu Nov 23 19:24:24 2017]  Info   Figure input succeed
[Thu Nov 23 19:24:37 2017]  Info   Figure input succeed
[Thu Nov 23 19:24:57 2017]  Info   Figure output succeed
[Thu Nov 23 19:25:11 2017]  Info   Figure input succeed
[Thu Nov 23 19:25:29 2017]  Info   Figure output succeed
[Thu Nov 23 19:25:46 2017]  Info   Figure input succeed
[Thu Nov 23 19:29:11 2017]  Info   Figure output succeed
[Thu Nov 23 19:34:30 2017]  Info   Figure input succeed
[Thu Nov 23 19:34:51 2017]  Info   Figure input succeed
[Thu Nov 23 19:35:05 2017]  Info   Figure input succeed
[Thu Nov 23 19:35:50 2017]  Info   Figure input succeed
[Thu Nov 23 19:36:50 2017]  Info   Figure input succeed
[Thu Nov 23 19:37:11 2017]  Info   Figure input succeed
[Thu Nov 23 19:39:04 2017]  Info   Figure input succeed
[Thu Nov 23 19:39:13 2017]  Info   Figure input succeed
[Thu Nov 23 19:39:43 2017]  Info   Figure input succeed
[Thu Nov 23 19:40:19 2017]  Info   Figure output succeed
[Thu Nov 23 19:40:57 2017]  Info   Figure output succeed
[Thu Nov 23 19:48:39 2017]  Info   Figure input succeed
[Thu Nov 23 19:49:41 2017]  Info   Figure input succeed
[Thu Nov 23 19:51:55 2017]  Info   Figure output succeed
[Thu Nov 23 19:51:59 2017]  Info   Figure input succeed
[Thu Nov 23 19:52:14 2017]  Info   Figure input succeed
[Thu Nov 23 19:52:55 2017]  Info   Figure input succeed
[Thu Nov 23 19:53:24 2017]  Info   Figure output succeed
[Thu Nov 23 19:54:03 2017]  Info   Figure input succeed
[Thu Nov 23 19:54:32 2017]  Info   Figure output succeed
[Thu Nov 23 19:54:47 2017]  Info   Figure input succeed
[Thu Nov 23 19:55:18 2017]  Info   Figure output succeed
[Thu Nov 23 19:55:23 2017]  Info   Figure input succeed
[Thu Nov 23 19:55:38 2017]  Info   Figure output succeed
[Thu Nov 23 19:56:17 2017]  Info   Figure input succeed
[Thu Nov 23 19:56:20 2017]  Info   Figure output succeed
[Thu Nov 23 19:56:31 2017]  Info   Figure input succeed
[Thu Nov 23 19:56:40 2017]  Info   Figure output succeed
[Thu Nov 23 19:57:18 2017]  Info   Figure input succeed
[Thu Nov 23 19:57:30 2017]  Info   Figure output succeed
[Thu Nov 23 19:57:37 2017]  Info   Figure input succeed
[Thu Nov 23 19:58:07 2017]  Info   Figure output succeed
[Thu Nov 23 19:58:12 2017]  Info   Figure input succeed
[Thu Nov 23 19:58:19 2017]  Info   Figure output succeed
[Thu Nov 23 19:58:35 2017]  Info   Figure input succeed
[Thu Nov 23 19:59:28 2017]  Info   Figure output succeed
[Thu Nov 23 20:01:12 2017]  Info   Figure output succeed
[Thu Nov 23 20:01:54 2017]  Info   Figure input succeed
[Thu Nov 23 20:02:31 2017]  Info   Figure output succeed
[Sat Nov 25 22:30:52 2017]  Info   Figure input succeed
[Sat Nov 25 22:30:55 2017]  Info   Figure output succeed
[Sat Nov 25 22:31:05 2017]  Info   SaveArr201711252231build succeed
[Sat Nov 25 22:31:07 2017]  Info   Figure output succeed
[Sat Nov 25 22:31:09 2017]  Info   Figure output succeed
[Sat Nov 25 22:31:14 2017]  Info   Figure output succeed
[Sat Nov 25 22:31:21 2017]  Info   Figure input succeed
[Sat Nov 25 22:31:24 2017]  Info   Figure output succeed
[Sat Nov 25 22:31:30 2017]  Info   Figure input succeed
[Sat Nov 25 22:31:35 2017]  Info   Figure output succeed
[Sat Nov 25 22:33:13 2017]  Info   Figure input succeed
[Sat Nov 25 22:33:15 2017]  Info   Figure output succeed
[Sat Nov 25 22:33:33 2017]  Info   Figure input succeed
[Sat Nov 25 22:33:35 2017]  Info   Figure output succeed
[Sat Nov 25 22:34:05 2017]  Info   Figure input succeed
[Sat Nov 25 22:34:08 2017]  Info   Figure output succeed
[Sat Nov 25 22:34:25 2017]  Info   Figure input succeed
[Sat Nov 25 22:34:27 2017]  Info   Figure output succeed
[Sat Nov 25 22:34:47 2017]  Info   Figure input succeed
[Sat Nov 25 22:34:50 2017]  Info   Figure output succeed
[Sat Nov 25 22:34:58 2017]  Info   Figure input succeed
[Sat Nov 25 22:35:00 2017]  Info   Figure output succeed
